<?xml version="1.0" encoding="UTF-8"?>
<testsuite xmlns:xsi="http://www.w3.org/2001/XMLSchema-instance" xsi:noNamespaceSchemaLocation="https://maven.apache.org/surefire/maven-surefire-plugin/xsd/surefire-test-report-3.0.xsd" version="3.0" name="pt.workshop.calculator.CalculatorTest" time="0.041" tests="12" errors="0" skipped="0" failures="0">
  <properties>
[...]
</properties>
  <testcase name="shouldReturnZero_WhenSubtractingSameNumbers" classname="pt.workshop.calculator.CalculatorTest" time="0.019"/>
  <testcase name="shouldReturnSameNumber_WhenAddingZero" classname="pt.workshop.calculator.CalculatorTest" time="0.0"/>
  <testcase name="shouldReturnNegativeDifference_WhenSubtractingLargerFromSmaller" classname="pt.workshop.calculator.CalculatorTest" time="0.001"/>
  <testcase name="shouldReturnPositiveProduct_WhenMultiplyingTwoNegativeNumbers" classname="pt.workshop.calculator.CalculatorTest" time="0.001"/>
  <testcase name="shouldReturnDifference_WhenSubtractingTwoPositiveNumbers" classname="pt.workshop.calculator.CalculatorTest" time="0.0"/>
  <testcase name="shouldReturnSameNumber_WhenSubtractingZero" classname="pt.workshop.calculator.CalculatorTest" time="0.0"/>
  <testcase name="shouldReturnNegativeSum_WhenAddingPositiveAndNegativeNumber" classname="pt.workshop.calculator.CalculatorTest" time="0.0"/>
  <testcase name="shouldReturnNegativeSum_WhenAddingTwoNegativeNumbers" classname="pt.workshop.calculator.CalculatorTest" time="0.0"/>
  <testcase name="shouldReturnSum_WhenAddingTwoPositiveNumbers" classname="pt.workshop.calculator.CalculatorTest" time="0.001"/>
  <testcase name="shouldReturnZero_WhenMultiplyingByZero" classname="pt.workshop.calculator.CalculatorTest" time="0.001"/>
  <testcase name="shouldReturnNegativeProduct_WhenMultiplyingPositiveAndNegativeNumber" classname="pt.workshop.calculator.CalculatorTest" time="0.001"/>
  <testcase name="shouldReturnProduct_WhenMultiplyingTwoPositiveNumbers" classname="pt.workshop.calculator.CalculatorTest" time="0.001"/>
</testsuite>